\BOOKMARK [1][-]{section.1}{Introduction}{}% 1
\BOOKMARK [1][-]{section.2}{EDA}{}% 2
\BOOKMARK [2][-]{subsection.2.1}{Covariates}{section.2}% 3
\BOOKMARK [2][-]{subsection.2.2}{Basic Statistics}{section.2}% 4
\BOOKMARK [1][-]{section.3}{Brief Description of Algorithms and Definitions Used}{}% 5
\BOOKMARK [2][-]{subsection.3.1}{XGBoost}{section.3}% 6
\BOOKMARK [2][-]{subsection.3.2}{SVM}{section.3}% 7
\BOOKMARK [2][-]{subsection.3.3}{Decision Trees}{section.3}% 8
\BOOKMARK [2][-]{subsection.3.4}{DBScan}{section.3}% 9
\BOOKMARK [2][-]{subsection.3.5}{Balanced Accuracy}{section.3}% 10
\BOOKMARK [1][-]{section.4}{Model Building and Accuracy Tuning}{}% 11
\BOOKMARK [2][-]{subsection.4.1}{Preliminary Analysis}{section.4}% 12
\BOOKMARK [3][-]{subsubsection.4.1.1}{Experiment 0 - Primitive Model Fitting}{subsection.4.1}% 13
\BOOKMARK [3][-]{subsubsection.4.1.2}{Experiment 1 - Under-sampling}{subsection.4.1}% 14
\BOOKMARK [2][-]{subsection.4.2}{Accurarcy Tuning}{section.4}% 15
\BOOKMARK [3][-]{subsubsection.4.2.1}{Experiment 2 - Boosting Models Fitted with Balanced Sub-samples}{subsection.4.2}% 16
\BOOKMARK [3][-]{subsubsection.4.2.2}{Experiment 3 - Clusters of Many-hot Encoding}{subsection.4.2}% 17
\BOOKMARK [3][-]{subsubsection.4.2.3}{Experiment 4 - DBScan Clustering as Feature}{subsection.4.2}% 18
\BOOKMARK [3][-]{subsubsection.4.2.4}{Experiment 5 - Stacked Ensemble}{subsection.4.2}% 19
\BOOKMARK [1][-]{section.5}{Conclusion}{}% 20
